<?xml version="1.0" encoding="UTF-8"?>
<testsuite name="ascii" tests="1" skipped="0" failures="0" errors="0" timestamp="2023-03-31T21:56:24" hostname="DESKTOP-5586U5K" time="0.033">
  <properties/>
  <testcase name="testDecode()" classname="ascii" time="0.033"/>
  <system-out><![CDATA[]]></system-out>
  <system-err><![CDATA[]]></system-err>
</testsuite>
